<?xml version="1.0" encoding="UTF-8"?>
<testsuite xmlns:xsi="http://www.w3.org/2001/XMLSchema-instance" xsi:noNamespaceSchemaLocation="https://maven.apache.org/surefire/maven-surefire-plugin/xsd/surefire-test-report.xsd" version="3.0.2" name="com.learning.movie.MovieTicketBookingSystemApplicationTests" time="12.458" tests="1" errors="0" skipped="0" failures="0">
  <properties>
[...]
</properties>
  <testcase name="contextLoads" classname="com.learning.movie.MovieTicketBookingSystemApplicationTests" time="0.816">
    <system-out><![CDATA[18:17:46.376 [main] INFO org.springframework.test.context.support.AnnotationConfigContextLoaderUtils -- Could not detect default configuration classes for test class [com.learning.movie.MovieTicketBookingSystemApplicationTests]: MovieTicketBookingSystemApplicationTests does not declare any static, non-private, non-final, nested classes annotated with @Configuration.
18:17:46.697 [main] INFO org.springframework.boot.test.context.SpringBootTestContextBootstrapper -- Found @SpringBootConfiguration com.learning.movie.MovieTicketBookingSystemApplication for test class com.learning.movie.MovieTicketBookingSystemApplicationTests
18:17:47.225 [main] INFO org.springframework.boot.devtools.restart.RestartApplicationListener -- Restart disabled due to context in which it is running

  .   ____          _            __ _ _
 /\\ / ___'_ __ _ _(_)_ __  __ _ \ \ \ \
( ( )\___ | '_ | '_| | '_ \/ _` | \ \ \ \
 \\/  ___)| |_)| | | | | || (_| |  ) ) ) )
  '  |____| .__|_| |_|_| |_\__, | / / / /
 =========|_|==============|___/=/_/_/_/

 :: Spring Boot ::                (v4.0.0)

2026-01-16T18:17:47.752+05:30  INFO 10576 --- [movie-ticket-booking-system] [           main] MovieTicketBookingSystemApplicationTests : Starting MovieTicketBookingSystemApplicationTests using Java 25 with PID 10576 (started by SELVAKUMAR T in D:\Preeth\Freelancing\MovieTicketBooking)
2026-01-16T18:17:47.755+05:30  INFO 10576 --- [movie-ticket-booking-system] [           main] MovieTicketBookingSystemApplicationTests : No active profile set, falling back to 1 default profile: "default"
2026-01-16T18:17:49.768+05:30  INFO 10576 --- [movie-ticket-booking-system] [           main] .s.d.r.c.RepositoryConfigurationDelegate : Bootstrapping Spring Data JPA repositories in DEFAULT mode.
2026-01-16T18:17:49.901+05:30  INFO 10576 --- [movie-ticket-booking-system] [           main] .s.d.r.c.RepositoryConfigurationDelegate : Finished Spring Data repository scanning in 113 ms. Found 5 JPA repository interfaces.
2026-01-16T18:17:50.978+05:30  INFO 10576 --- [movie-ticket-booking-system] [           main] o.hibernate.jpa.internal.util.LogHelper  : HHH000204: Processing PersistenceUnitInfo [name: default]
2026-01-16T18:17:51.092+05:30  INFO 10576 --- [movie-ticket-booking-system] [           main] org.hibernate.Version                    : HHH000412: Hibernate ORM core version 7.1.8.Final
2026-01-16T18:17:52.035+05:30  INFO 10576 --- [movie-ticket-booking-system] [           main] o.s.o.j.p.SpringPersistenceUnitInfo      : No LoadTimeWeaver setup: ignoring JPA class transformer
2026-01-16T18:17:52.094+05:30  INFO 10576 --- [movie-ticket-booking-system] [           main] com.zaxxer.hikari.HikariDataSource       : HikariPool-1 - Starting...
2026-01-16T18:17:52.805+05:30  INFO 10576 --- [movie-ticket-booking-system] [           main] com.zaxxer.hikari.pool.HikariPool        : HikariPool-1 - Added connection com.mysql.cj.jdbc.ConnectionImpl@641e67fa
2026-01-16T18:17:52.810+05:30  INFO 10576 --- [movie-ticket-booking-system] [           main] com.zaxxer.hikari.HikariDataSource       : HikariPool-1 - Start completed.
2026-01-16T18:17:52.989+05:30  WARN 10576 --- [movie-ticket-booking-system] [           main] org.hibernate.orm.deprecation            : HHH90000025: MySQLDialect does not need to be specified explicitly using 'hibernate.dialect' (remove the property setting and it will be selected by default)
2026-01-16T18:17:53.041+05:30  INFO 10576 --- [movie-ticket-booking-system] [           main] org.hibernate.orm.connections.pooling    : HHH10001005: Database info:
	Database JDBC URL [jdbc:mysql://localhost:3306/movie_ticket_booking?createTableIfNotExists=true]
	Database driver: MySQL Connector/J
	Database dialect: MySQLDialect
	Database version: 8.4.7
	Default catalog/schema: movie_ticket_booking/undefined
	Autocommit mode: undefined/unknown
	Isolation level: REPEATABLE_READ [default REPEATABLE_READ]
	JDBC fetch size: none
	Pool: DatasourceConnectionProviderImpl
	Minimum pool size: undefined/unknown
	Maximum pool size: undefined/unknown
2026-01-16T18:17:54.983+05:30  INFO 10576 --- [movie-ticket-booking-system] [           main] o.h.e.t.j.p.i.JtaPlatformInitiator       : HHH000489: No JTA platform available (set 'hibernate.transaction.jta.platform' to enable JTA platform integration)
2026-01-16T18:17:55.172+05:30  INFO 10576 --- [movie-ticket-booking-system] [           main] j.LocalContainerEntityManagerFactoryBean : Initialized JPA EntityManagerFactory for persistence unit 'default'
2026-01-16T18:17:55.319+05:30  INFO 10576 --- [movie-ticket-booking-system] [           main] o.s.d.j.r.query.QueryEnhancerFactories   : Hibernate is in classpath; If applicable, HQL parser will be used.
2026-01-16T18:17:56.236+05:30  WARN 10576 --- [movie-ticket-booking-system] [           main] JpaBaseConfiguration$JpaWebConfiguration : spring.jpa.open-in-view is enabled by default. Therefore, database queries may be performed during view rendering. Explicitly configure spring.jpa.open-in-view to disable this warning
2026-01-16T18:17:56.336+05:30  INFO 10576 --- [movie-ticket-booking-system] [           main] o.s.v.b.OptionalValidatorFactoryBean     : Failed to set up a Bean Validation provider: jakarta.validation.NoProviderFoundException: Unable to create a Configuration, because no Jakarta Validation provider could be found. Add a provider like Hibernate Validator (RI) to your classpath.
2026-01-16T18:17:57.579+05:30  INFO 10576 --- [movie-ticket-booking-system] [           main] MovieTicketBookingSystemApplicationTests : Started MovieTicketBookingSystemApplicationTests in 10.379 seconds (process running for 13.952)
]]></system-out>
    <system-err><![CDATA[Mockito is currently self-attaching to enable the inline-mock-maker. This will no longer work in future releases of the JDK. Please add Mockito as an agent to your build as described in Mockito's documentation: https://javadoc.io/doc/org.mockito/mockito-core/latest/org.mockito/org/mockito/Mockito.html#0.3
WARNING: A Java agent has been loaded dynamically (C:\Users\SELVAKUMAR T\.m2\repository\net\bytebuddy\byte-buddy-agent\1.17.8\byte-buddy-agent-1.17.8.jar)
WARNING: If a serviceability tool is in use, please run with -XX:+EnableDynamicAgentLoading to hide this warning
WARNING: If a serviceability tool is not in use, please run with -Djdk.instrument.traceUsage for more information
WARNING: Dynamic loading of agents will be disallowed by default in a future release
]]></system-err>
  </testcase>
</testsuite>